{"C:\\Users\\gaon0\\my-blog\\back\\src\\config\\sequelize.js": {"path":"C:\\Users\\gaon0\\my-blog\\back\\src\\config\\sequelize.js","statementMap":{"0":{"start":{"line":1,"column":0},"end":{"line":1,"column":27}},"1":{"start":{"line":3,"column":0},"end":{"line":5,"column":1}},"2":{"start":{"line":4,"column":2},"end":{"line":4,"column":29}},"3":{"start":{"line":7,"column":22},"end":{"line":23,"column":1}},"4":{"start":{"line":25,"column":0},"end":{"line":49,"column":2}}},"fnMap":{},"branchMap":{"0":{"loc":{"start":{"line":3,"column":0},"end":{"line":5,"column":1}},"type":"if","locations":[{"start":{"line":3,"column":0},"end":{"line":5,"column":1}},{"start":{},"end":{}}],"line":3}},"s":{"0":1,"1":1,"2":1,"3":1,"4":1},"f":{},"b":{"0":[1,0]},"_coverageSchema":"1a1c01bbd47fc00a2c39e90264f33305004495a9","hash":"0e23ed56051cdf20a0bfedcca22a4209450f2888"}
,"C:\\Users\\gaon0\\my-blog\\back\\src\\controllers\\post.controller.js": {"path":"C:\\Users\\gaon0\\my-blog\\back\\src\\controllers\\post.controller.js","statementMap":{"0":{"start":{"line":6,"column":20},"end":{"line":26,"column":1}},"1":{"start":{"line":7,"column":20},"end":{"line":7,"column":24}},"2":{"start":{"line":8,"column":2},"end":{"line":25,"column":3}},"3":{"start":{"line":9,"column":4},"end":{"line":9,"column":55}},"4":{"start":{"line":12,"column":24},"end":{"line":12,"column":33}},"5":{"start":{"line":13,"column":22},"end":{"line":15,"column":5}},"6":{"start":{"line":16,"column":4},"end":{"line":18,"column":5}},"7":{"start":{"line":17,"column":6},"end":{"line":17,"column":34}},"8":{"start":{"line":19,"column":21},"end":{"line":19,"column":59}},"9":{"start":{"line":20,"column":4},"end":{"line":20,"column":31}},"10":{"start":{"line":21,"column":4},"end":{"line":21,"column":69}},"11":{"start":{"line":23,"column":4},"end":{"line":23,"column":33}},"12":{"start":{"line":24,"column":4},"end":{"line":24,"column":14}},"13":{"start":{"line":28,"column":19},"end":{"line":48,"column":1}},"14":{"start":{"line":29,"column":20},"end":{"line":29,"column":24}},"15":{"start":{"line":30,"column":2},"end":{"line":47,"column":3}},"16":{"start":{"line":31,"column":4},"end":{"line":31,"column":55}},"17":{"start":{"line":32,"column":49},"end":{"line":32,"column":57}},"18":{"start":{"line":33,"column":4},"end":{"line":39,"column":69}},"19":{"start":{"line":39,"column":6},"end":{"line":39,"column":69}},"20":{"start":{"line":41,"column":4},"end":{"line":41,"column":64}},"21":{"start":{"line":42,"column":4},"end":{"line":42,"column":31}},"22":{"start":{"line":43,"column":4},"end":{"line":43,"column":51}},"23":{"start":{"line":45,"column":4},"end":{"line":45,"column":33}},"24":{"start":{"line":46,"column":4},"end":{"line":46,"column":14}},"25":{"start":{"line":50,"column":16},"end":{"line":65,"column":1}},"26":{"start":{"line":51,"column":20},"end":{"line":51,"column":24}},"27":{"start":{"line":52,"column":2},"end":{"line":64,"column":3}},"28":{"start":{"line":53,"column":4},"end":{"line":53,"column":55}},"29":{"start":{"line":54,"column":23},"end":{"line":54,"column":33}},"30":{"start":{"line":55,"column":4},"end":{"line":55,"column":24}},"31":{"start":{"line":56,"column":25},"end":{"line":56,"column":56}},"32":{"start":{"line":57,"column":4},"end":{"line":58,"column":67}},"33":{"start":{"line":58,"column":6},"end":{"line":58,"column":67}},"34":{"start":{"line":59,"column":4},"end":{"line":59,"column":31}},"35":{"start":{"line":60,"column":4},"end":{"line":60,"column":73}},"36":{"start":{"line":62,"column":4},"end":{"line":62,"column":33}},"37":{"start":{"line":63,"column":4},"end":{"line":63,"column":14}},"38":{"start":{"line":67,"column":19},"end":{"line":75,"column":1}},"39":{"start":{"line":68,"column":20},"end":{"line":68,"column":24}},"40":{"start":{"line":69,"column":2},"end":{"line":74,"column":3}},"41":{"start":{"line":70,"column":4},"end":{"line":70,"column":49}},"42":{"start":{"line":71,"column":4},"end":{"line":71,"column":31}},"43":{"start":{"line":73,"column":4},"end":{"line":73,"column":33}},"44":{"start":{"line":77,"column":19},"end":{"line":85,"column":1}},"45":{"start":{"line":78,"column":20},"end":{"line":78,"column":24}},"46":{"start":{"line":79,"column":2},"end":{"line":84,"column":3}},"47":{"start":{"line":80,"column":4},"end":{"line":80,"column":49}},"48":{"start":{"line":81,"column":4},"end":{"line":81,"column":31}},"49":{"start":{"line":83,"column":4},"end":{"line":83,"column":33}}},"fnMap":{"0":{"name":"(anonymous_0)","decl":{"start":{"line":6,"column":20},"end":{"line":6,"column":21}},"loc":{"start":{"line":6,"column":46},"end":{"line":26,"column":1}},"line":6},"1":{"name":"(anonymous_1)","decl":{"start":{"line":28,"column":19},"end":{"line":28,"column":20}},"loc":{"start":{"line":28,"column":45},"end":{"line":48,"column":1}},"line":28},"2":{"name":"(anonymous_2)","decl":{"start":{"line":50,"column":16},"end":{"line":50,"column":17}},"loc":{"start":{"line":50,"column":42},"end":{"line":65,"column":1}},"line":50},"3":{"name":"(anonymous_3)","decl":{"start":{"line":67,"column":19},"end":{"line":67,"column":20}},"loc":{"start":{"line":67,"column":45},"end":{"line":75,"column":1}},"line":67},"4":{"name":"(anonymous_4)","decl":{"start":{"line":77,"column":19},"end":{"line":77,"column":20}},"loc":{"start":{"line":77,"column":45},"end":{"line":85,"column":1}},"line":77}},"branchMap":{"0":{"loc":{"start":{"line":16,"column":4},"end":{"line":18,"column":5}},"type":"if","locations":[{"start":{"line":16,"column":4},"end":{"line":18,"column":5}},{"start":{},"end":{}}],"line":16},"1":{"loc":{"start":{"line":33,"column":4},"end":{"line":39,"column":69}},"type":"if","locations":[{"start":{"line":33,"column":4},"end":{"line":39,"column":69}},{"start":{},"end":{}}],"line":33},"2":{"loc":{"start":{"line":34,"column":6},"end":{"line":37,"column":27}},"type":"binary-expr","locations":[{"start":{"line":34,"column":6},"end":{"line":34,"column":25}},{"start":{"line":35,"column":6},"end":{"line":35,"column":28}},{"start":{"line":36,"column":6},"end":{"line":36,"column":26}},{"start":{"line":37,"column":6},"end":{"line":37,"column":27}}],"line":34},"3":{"loc":{"start":{"line":57,"column":4},"end":{"line":58,"column":67}},"type":"if","locations":[{"start":{"line":57,"column":4},"end":{"line":58,"column":67}},{"start":{},"end":{}}],"line":57}},"s":{"0":1,"1":1,"2":1,"3":1,"4":1,"5":1,"6":1,"7":1,"8":1,"9":1,"10":1,"11":0,"12":0,"13":1,"14":2,"15":2,"16":2,"17":2,"18":2,"19":1,"20":1,"21":1,"22":1,"23":1,"24":1,"25":1,"26":2,"27":2,"28":2,"29":2,"30":2,"31":2,"32":2,"33":1,"34":1,"35":1,"36":1,"37":1,"38":1,"39":0,"40":0,"41":0,"42":0,"43":0,"44":1,"45":0,"46":0,"47":0,"48":0,"49":0},"f":{"0":1,"1":2,"2":2,"3":0,"4":0},"b":{"0":[1,0],"1":[1,1],"2":[2,2,1,1],"3":[1,1]},"_coverageSchema":"1a1c01bbd47fc00a2c39e90264f33305004495a9","hash":"06082d560406558835a1c4485cd676d722f2ec7b"}
,"C:\\Users\\gaon0\\my-blog\\back\\src\\databases\\postTable.js": {"path":"C:\\Users\\gaon0\\my-blog\\back\\src\\databases\\postTable.js","statementMap":{"0":{"start":{"line":2,"column":11},"end":{"line":2,"column":30}},"1":{"start":{"line":6,"column":4},"end":{"line":6,"column":42}},"2":{"start":{"line":11,"column":4},"end":{"line":18,"column":5}},"3":{"start":{"line":12,"column":6},"end":{"line":15,"column":9}},"4":{"start":{"line":17,"column":6},"end":{"line":17,"column":25}},"5":{"start":{"line":22,"column":4},"end":{"line":32,"column":5}},"6":{"start":{"line":23,"column":6},"end":{"line":29,"column":9}},"7":{"start":{"line":31,"column":6},"end":{"line":31,"column":25}},"8":{"start":{"line":36,"column":4},"end":{"line":47,"column":5}},"9":{"start":{"line":37,"column":6},"end":{"line":44,"column":8}},"10":{"start":{"line":46,"column":6},"end":{"line":46,"column":25}},"11":{"start":{"line":51,"column":4},"end":{"line":62,"column":5}},"12":{"start":{"line":52,"column":6},"end":{"line":59,"column":8}},"13":{"start":{"line":61,"column":6},"end":{"line":61,"column":25}}},"fnMap":{"0":{"name":"(anonymous_0)","decl":{"start":{"line":5,"column":2},"end":{"line":5,"column":3}},"loc":{"start":{"line":5,"column":20},"end":{"line":7,"column":3}},"line":5},"1":{"name":"(anonymous_1)","decl":{"start":{"line":9,"column":2},"end":{"line":9,"column":3}},"loc":{"start":{"line":9,"column":31},"end":{"line":19,"column":3}},"line":9},"2":{"name":"(anonymous_2)","decl":{"start":{"line":21,"column":2},"end":{"line":21,"column":3}},"loc":{"start":{"line":21,"column":20},"end":{"line":33,"column":3}},"line":21},"3":{"name":"(anonymous_3)","decl":{"start":{"line":35,"column":2},"end":{"line":35,"column":3}},"loc":{"start":{"line":35,"column":29},"end":{"line":48,"column":3}},"line":35},"4":{"name":"(anonymous_4)","decl":{"start":{"line":50,"column":2},"end":{"line":50,"column":3}},"loc":{"start":{"line":50,"column":23},"end":{"line":63,"column":3}},"line":50}},"branchMap":{},"s":{"0":1,"1":0,"2":0,"3":0,"4":0,"5":0,"6":0,"7":0,"8":0,"9":0,"10":0,"11":0,"12":0,"13":0},"f":{"0":0,"1":0,"2":0,"3":0,"4":0},"b":{},"_coverageSchema":"1a1c01bbd47fc00a2c39e90264f33305004495a9","hash":"d44ad9ec50a70022adb7ea7c2e383cf1f7b71b62"}
,"C:\\Users\\gaon0\\my-blog\\back\\src\\models\\comment.model.js": {"path":"C:\\Users\\gaon0\\my-blog\\back\\src\\models\\comment.model.js","statementMap":{"0":{"start":{"line":1,"column":0},"end":{"line":58,"column":2}},"1":{"start":{"line":2,"column":18},"end":{"line":46,"column":3}},"2":{"start":{"line":48,"column":2},"end":{"line":53,"column":5}},"3":{"start":{"line":49,"column":4},"end":{"line":52,"column":5}},"4":{"start":{"line":50,"column":19},"end":{"line":50,"column":43}},"5":{"start":{"line":51,"column":6},"end":{"line":51,"column":64}},"6":{"start":{"line":55,"column":2},"end":{"line":55,"column":43}},"7":{"start":{"line":57,"column":2},"end":{"line":57,"column":17}}},"fnMap":{"0":{"name":"(anonymous_0)","decl":{"start":{"line":1,"column":17},"end":{"line":1,"column":18}},"loc":{"start":{"line":1,"column":43},"end":{"line":58,"column":1}},"line":1},"1":{"name":"(anonymous_1)","decl":{"start":{"line":48,"column":21},"end":{"line":48,"column":22}},"loc":{"start":{"line":48,"column":46},"end":{"line":53,"column":3}},"line":48},"2":{"name":"(anonymous_2)","decl":{"start":{"line":55,"column":22},"end":{"line":55,"column":23}},"loc":{"start":{"line":55,"column":40},"end":{"line":55,"column":42}},"line":55}},"branchMap":{"0":{"loc":{"start":{"line":49,"column":4},"end":{"line":52,"column":5}},"type":"if","locations":[{"start":{"line":49,"column":4},"end":{"line":52,"column":5}},{"start":{},"end":{}}],"line":49}},"s":{"0":1,"1":1,"2":1,"3":0,"4":0,"5":0,"6":1,"7":1},"f":{"0":1,"1":0,"2":1},"b":{"0":[0,0]},"_coverageSchema":"1a1c01bbd47fc00a2c39e90264f33305004495a9","hash":"b294c2bf7eaab3ffa1a22e32d98ad41645cd4190"}
,"C:\\Users\\gaon0\\my-blog\\back\\src\\models\\index.js": {"path":"C:\\Users\\gaon0\\my-blog\\back\\src\\models\\index.js","statementMap":{"0":{"start":{"line":6,"column":17},"end":{"line":6,"column":42}},"1":{"start":{"line":7,"column":12},"end":{"line":7,"column":49}},"2":{"start":{"line":8,"column":15},"end":{"line":8,"column":66}},"3":{"start":{"line":9,"column":11},"end":{"line":9,"column":13}},"4":{"start":{"line":12,"column":0},"end":{"line":21,"column":1}},"5":{"start":{"line":13,"column":2},"end":{"line":13,"column":74}},"6":{"start":{"line":15,"column":2},"end":{"line":20,"column":4}},"7":{"start":{"line":23,"column":0},"end":{"line":35,"column":5}},"8":{"start":{"line":25,"column":4},"end":{"line":27,"column":6}},"9":{"start":{"line":30,"column":18},"end":{"line":33,"column":5}},"10":{"start":{"line":34,"column":4},"end":{"line":34,"column":27}},"11":{"start":{"line":37,"column":0},"end":{"line":41,"column":3}},"12":{"start":{"line":38,"column":2},"end":{"line":40,"column":3}},"13":{"start":{"line":39,"column":4},"end":{"line":39,"column":32}},"14":{"start":{"line":43,"column":0},"end":{"line":43,"column":25}},"15":{"start":{"line":44,"column":0},"end":{"line":44,"column":25}}},"fnMap":{"0":{"name":"(anonymous_0)","decl":{"start":{"line":24,"column":10},"end":{"line":24,"column":11}},"loc":{"start":{"line":24,"column":20},"end":{"line":28,"column":3}},"line":24},"1":{"name":"(anonymous_1)","decl":{"start":{"line":29,"column":11},"end":{"line":29,"column":12}},"loc":{"start":{"line":29,"column":21},"end":{"line":35,"column":3}},"line":29},"2":{"name":"(anonymous_2)","decl":{"start":{"line":37,"column":24},"end":{"line":37,"column":25}},"loc":{"start":{"line":37,"column":39},"end":{"line":41,"column":1}},"line":37}},"branchMap":{"0":{"loc":{"start":{"line":7,"column":12},"end":{"line":7,"column":49}},"type":"binary-expr","locations":[{"start":{"line":7,"column":12},"end":{"line":7,"column":32}},{"start":{"line":7,"column":36},"end":{"line":7,"column":49}}],"line":7},"1":{"loc":{"start":{"line":12,"column":0},"end":{"line":21,"column":1}},"type":"if","locations":[{"start":{"line":12,"column":0},"end":{"line":21,"column":1}},{"start":{"line":14,"column":7},"end":{"line":21,"column":1}}],"line":12},"2":{"loc":{"start":{"line":26,"column":6},"end":{"line":26,"column":78}},"type":"binary-expr","locations":[{"start":{"line":26,"column":6},"end":{"line":26,"column":29}},{"start":{"line":26,"column":33},"end":{"line":26,"column":50}},{"start":{"line":26,"column":54},"end":{"line":26,"column":78}}],"line":26},"3":{"loc":{"start":{"line":38,"column":2},"end":{"line":40,"column":3}},"type":"if","locations":[{"start":{"line":38,"column":2},"end":{"line":40,"column":3}},{"start":{},"end":{}}],"line":38}},"s":{"0":1,"1":1,"2":1,"3":1,"4":1,"5":0,"6":1,"7":1,"8":3,"9":2,"10":2,"11":1,"12":2,"13":2,"14":1,"15":1},"f":{"0":3,"1":2,"2":2},"b":{"0":[1,0],"1":[0,1],"2":[3,3,2],"3":[2,0]},"_coverageSchema":"1a1c01bbd47fc00a2c39e90264f33305004495a9","hash":"8d2afbb490f409e6dc8cd230826dd608391dfde0"}
,"C:\\Users\\gaon0\\my-blog\\back\\src\\models\\post.model.js": {"path":"C:\\Users\\gaon0\\my-blog\\back\\src\\models\\post.model.js","statementMap":{"0":{"start":{"line":1,"column":0},"end":{"line":38,"column":2}},"1":{"start":{"line":2,"column":15},"end":{"line":32,"column":3}},"2":{"start":{"line":33,"column":2},"end":{"line":33,"column":47}},"3":{"start":{"line":35,"column":2},"end":{"line":35,"column":40}},"4":{"start":{"line":37,"column":2},"end":{"line":37,"column":14}}},"fnMap":{"0":{"name":"(anonymous_0)","decl":{"start":{"line":1,"column":17},"end":{"line":1,"column":18}},"loc":{"start":{"line":1,"column":43},"end":{"line":38,"column":1}},"line":1},"1":{"name":"(anonymous_1)","decl":{"start":{"line":33,"column":18},"end":{"line":33,"column":19}},"loc":{"start":{"line":33,"column":43},"end":{"line":33,"column":45}},"line":33},"2":{"name":"(anonymous_2)","decl":{"start":{"line":35,"column":19},"end":{"line":35,"column":20}},"loc":{"start":{"line":35,"column":37},"end":{"line":35,"column":39}},"line":35}},"branchMap":{},"s":{"0":1,"1":1,"2":1,"3":1,"4":1},"f":{"0":1,"1":0,"2":1},"b":{},"_coverageSchema":"1a1c01bbd47fc00a2c39e90264f33305004495a9","hash":"4cbae25ea6a04fd6563bcb59eb9cf5c96dc51a5b"}
}
