TN:
SF:src\config\sequelize.js
FNF:0
FNH:0
DA:1,1
DA:3,1
DA:4,1
DA:7,1
DA:25,1
LF:5
LH:5
BRDA:3,0,0,1
BRDA:3,0,1,0
BRF:2
BRH:1
end_of_record
TN:
SF:src\controllers\post.controller.js
FN:6,(anonymous_0)
FN:28,(anonymous_1)
FN:50,(anonymous_2)
FN:67,(anonymous_3)
FN:77,(anonymous_4)
FNF:5
FNH:3
FNDA:1,(anonymous_0)
FNDA:2,(anonymous_1)
FNDA:2,(anonymous_2)
FNDA:0,(anonymous_3)
FNDA:0,(anonymous_4)
DA:6,1
DA:7,1
DA:8,1
DA:9,1
DA:12,1
DA:13,1
DA:16,1
DA:17,1
DA:19,1
DA:20,1
DA:21,1
DA:23,0
DA:24,0
DA:28,1
DA:29,2
DA:30,2
DA:31,2
DA:32,2
DA:33,2
DA:39,1
DA:41,1
DA:42,1
DA:43,1
DA:45,1
DA:46,1
DA:50,1
DA:51,2
DA:52,2
DA:53,2
DA:54,2
DA:55,2
DA:56,2
DA:57,2
DA:58,1
DA:59,1
DA:60,1
DA:62,1
DA:63,1
DA:67,1
DA:68,0
DA:69,0
DA:70,0
DA:71,0
DA:73,0
DA:77,1
DA:78,0
DA:79,0
DA:80,0
DA:81,0
DA:83,0
LF:50
LH:38
BRDA:16,0,0,1
BRDA:16,0,1,0
BRDA:33,1,0,1
BRDA:33,1,1,1
BRDA:34,2,0,2
BRDA:34,2,1,2
BRDA:34,2,2,1
BRDA:34,2,3,1
BRDA:57,3,0,1
BRDA:57,3,1,1
BRF:10
BRH:9
end_of_record
TN:
SF:src\databases\postTable.js
FN:5,(anonymous_0)
FN:9,(anonymous_1)
FN:21,(anonymous_2)
FN:35,(anonymous_3)
FN:50,(anonymous_4)
FNF:5
FNH:0
FNDA:0,(anonymous_0)
FNDA:0,(anonymous_1)
FNDA:0,(anonymous_2)
FNDA:0,(anonymous_3)
FNDA:0,(anonymous_4)
DA:2,1
DA:6,0
DA:11,0
DA:12,0
DA:17,0
DA:22,0
DA:23,0
DA:31,0
DA:36,0
DA:37,0
DA:46,0
DA:51,0
DA:52,0
DA:61,0
LF:14
LH:1
BRF:0
BRH:0
end_of_record
TN:
SF:src\models\comment.model.js
FN:1,(anonymous_0)
FN:48,(anonymous_1)
FN:55,(anonymous_2)
FNF:3
FNH:2
FNDA:1,(anonymous_0)
FNDA:0,(anonymous_1)
FNDA:1,(anonymous_2)
DA:1,1
DA:2,1
DA:48,1
DA:49,0
DA:50,0
DA:51,0
DA:55,1
DA:57,1
LF:8
LH:5
BRDA:49,0,0,0
BRDA:49,0,1,0
BRF:2
BRH:0
end_of_record
TN:
SF:src\models\index.js
FN:24,(anonymous_0)
FN:29,(anonymous_1)
FN:37,(anonymous_2)
FNF:3
FNH:3
FNDA:3,(anonymous_0)
FNDA:2,(anonymous_1)
FNDA:2,(anonymous_2)
DA:6,1
DA:7,1
DA:8,1
DA:9,1
DA:12,1
DA:13,0
DA:15,1
DA:23,1
DA:25,3
DA:30,2
DA:34,2
DA:37,1
DA:38,2
DA:39,2
DA:43,1
DA:44,1
LF:16
LH:15
BRDA:7,0,0,1
BRDA:7,0,1,0
BRDA:12,1,0,0
BRDA:12,1,1,1
BRDA:26,2,0,3
BRDA:26,2,1,3
BRDA:26,2,2,2
BRDA:38,3,0,2
BRDA:38,3,1,0
BRF:9
BRH:6
end_of_record
TN:
SF:src\models\post.model.js
FN:1,(anonymous_0)
FN:33,(anonymous_1)
FN:35,(anonymous_2)
FNF:3
FNH:2
FNDA:1,(anonymous_0)
FNDA:0,(anonymous_1)
FNDA:1,(anonymous_2)
DA:1,1
DA:2,1
DA:33,1
DA:35,1
DA:37,1
LF:5
LH:5
BRF:0
BRH:0
end_of_record
